.2021-08-19 21:44:10.619 com.youlishu.AppApplication INFO - Starting AppApplication on DESKTOP-J677HJA with PID 18272 (D:\workspace\SensorM\target\classes started by Myux in D:\workspace\SensorM)
.2021-08-19 21:44:10.619 com.youlishu.AppApplication INFO - The following profiles are active: dev
.2021-08-19 21:44:10.645 org.springframework.boot.context.embedded.AnnotationConfigEmbeddedWebApplicationContext INFO - Refreshing org.springframework.boot.context.embedded.AnnotationConfigEmbeddedWebApplicationContext@1ff4931d: startup date [Thu Aug 19 21:44:10 CST 2021]; root of context hierarchy
.2021-08-19 21:44:10.696 org.hibernate.validator.internal.util.Version INFO - HV000001: Hibernate Validator 5.3.6.Final
.2021-08-19 21:44:13.406 com.youlishu.AppApplication INFO - Starting AppApplication on DESKTOP-J677HJA with PID 17180 (D:\workspace\SensorM\target\classes started by Myux in D:\workspace\SensorM)
.2021-08-19 21:44:13.406 com.youlishu.AppApplication INFO - The following profiles are active: dev
.2021-08-19 21:44:13.430 org.springframework.boot.context.embedded.AnnotationConfigEmbeddedWebApplicationContext INFO - Refreshing org.springframework.boot.context.embedded.AnnotationConfigEmbeddedWebApplicationContext@45c7e403: startup date [Thu Aug 19 21:44:13 CST 2021]; root of context hierarchy
.2021-08-19 21:44:13.480 org.hibernate.validator.internal.util.Version INFO - HV000001: Hibernate Validator 5.3.6.Final
.2021-08-19 21:44:13.753 org.springframework.beans.factory.support.DefaultListableBeanFactory INFO - Overriding bean definition for bean 'primaryDataSource' with a different definition: replacing [Root bean: class [null]; scope=; abstract=false; lazyInit=false; autowireMode=3; dependencyCheck=0; autowireCandidate=true; primary=true; factoryBeanName=dataSourceConfig; factoryMethodName=primaryDataSource; initMethodName=null; destroyMethodName=(inferred); defined in class path resource [com/youlishu/DataConfig/DataSourceConfig.class]] with [Root bean: class [null]; scope=; abstract=false; lazyInit=false; autowireMode=3; dependencyCheck=0; autowireCandidate=true; primary=false; factoryBeanName=druidDBConfig; factoryMethodName=dataSource; initMethodName=null; destroyMethodName=(inferred); defined in class path resource [com/youlishu/DataConfig/DruidDBConfig.class]]
.2021-08-19 21:44:13.774 org.mybatis.spring.mapper.ClassPathMapperScanner WARN - Skipping MapperFactoryBean with name 'bigScreenTaxiRealTimeMapper' and 'com.youlishu.dao.shengtai.BigScreenTaxiRealTimeMapper' mapperInterface. Bean already defined with the same name!
.2021-08-19 21:44:14.134 org.springframework.context.support.PostProcessorRegistrationDelegate$BeanPostProcessorChecker INFO - Bean 'org.springframework.transaction.annotation.ProxyTransactionManagementConfiguration' of type [org.springframework.transaction.annotation.ProxyTransactionManagementConfiguration$$EnhancerBySpringCGLIB$$9ada7e26] is not eligible for getting processed by all BeanPostProcessors (for example: not eligible for auto-proxying)
.2021-08-19 21:44:14.412 org.springframework.boot.context.embedded.tomcat.TomcatEmbeddedServletContainer INFO - Tomcat initialized with port(s): 8088 (http)
.2021-08-19 21:44:14.422 org.apache.catalina.core.StandardService INFO - Starting service [Tomcat]
.2021-08-19 21:44:14.422 org.apache.catalina.core.StandardEngine INFO - Starting Servlet Engine: Apache Tomcat/8.5.27
.2021-08-19 21:44:14.540 org.apache.catalina.core.ContainerBase.[Tomcat].[localhost].[/] INFO - Initializing Spring embedded WebApplicationContext
.2021-08-19 21:44:14.540 org.springframework.web.context.ContextLoader INFO - Root WebApplicationContext: initialization completed in 1110 ms
.2021-08-19 21:44:14.776 org.springframework.boot.web.servlet.ServletRegistrationBean INFO - Mapping servlet: 'dispatcherServlet' to [/]
.2021-08-19 21:44:14.777 org.springframework.boot.web.servlet.ServletRegistrationBean INFO - Mapping servlet: 'statViewServlet' to [/druid/*]
.2021-08-19 21:44:14.779 org.springframework.boot.web.servlet.FilterRegistrationBean INFO - Mapping filter: 'characterEncodingFilter' to: [/*]
.2021-08-19 21:44:14.779 org.springframework.boot.web.servlet.FilterRegistrationBean INFO - Mapping filter: 'hiddenHttpMethodFilter' to: [/*]
.2021-08-19 21:44:14.779 org.springframework.boot.web.servlet.FilterRegistrationBean INFO - Mapping filter: 'httpPutFormContentFilter' to: [/*]
.2021-08-19 21:44:14.779 org.springframework.boot.web.servlet.FilterRegistrationBean INFO - Mapping filter: 'requestContextFilter' to: [/*]
.2021-08-19 21:44:14.779 org.springframework.boot.web.servlet.FilterRegistrationBean INFO - Mapping filter: 'webStatFilter' to urls: [/*]
.2021-08-19 21:44:14.779 org.springframework.boot.web.servlet.FilterRegistrationBean INFO - Mapping filter: 'corsFilter' to: [/*]
.2021-08-19 21:44:14.811 com.alibaba.druid.pool.DruidAbstractDataSource ERROR - minEvictableIdleTimeMillis should be greater than 30000
.2021-08-19 21:44:14.946 org.springframework.orm.jpa.LocalContainerEntityManagerFactoryBean INFO - Building JPA container EntityManagerFactory for persistence unit 'primaryPersistenceUnit'
.2021-08-19 21:44:14.998 org.hibernate.Version INFO - HHH000412: Hibernate Core {5.0.12.Final}
.2021-08-19 21:44:14.999 org.hibernate.cfg.Environment INFO - HHH000206: hibernate.properties not found
.2021-08-19 21:44:14.999 org.hibernate.cfg.Environment INFO - HHH000021: Bytecode provider name : javassist
.2021-08-19 21:44:15.022 org.hibernate.annotations.common.Version INFO - HCANN000001: Hibernate Commons Annotations {5.0.1.Final}
.2021-08-19 21:44:17.017 com.alibaba.druid.pool.DruidDataSource INFO - {dataSource-1} inited
.2021-08-19 21:44:17.024 org.hibernate.dialect.Dialect INFO - HHH000400: Using dialect: org.hibernate.dialect.MySQL5Dialect
.2021-08-19 21:44:17.116 org.hibernate.tool.hbm2ddl.SchemaUpdate INFO - HHH000228: Running hbm2ddl schema update
.2021-08-19 21:44:17.133 org.springframework.orm.jpa.LocalContainerEntityManagerFactoryBean INFO - Initialized JPA EntityManagerFactory for persistence unit 'primaryPersistenceUnit'
.2021-08-19 21:44:17.875 org.springframework.web.servlet.mvc.method.annotation.RequestMappingHandlerAdapter INFO - Looking for @ControllerAdvice: org.springframework.boot.context.embedded.AnnotationConfigEmbeddedWebApplicationContext@45c7e403: startup date [Thu Aug 19 21:44:13 CST 2021]; root of context hierarchy
.2021-08-19 21:44:17.914 org.springframework.web.servlet.mvc.method.annotation.RequestMappingHandlerMapping INFO - Mapped "{[/authority/findauthority],methods=[GET]}" onto public com.youlishu.bean.ResponseBean com.youlishu.controller.AuthorityController.authorityFind(java.lang.Integer,java.lang.Integer)
.2021-08-19 21:44:17.914 org.springframework.web.servlet.mvc.method.annotation.RequestMappingHandlerMapping INFO - Mapped "{[/authority/updateauthority],methods=[GET]}" onto public com.youlishu.bean.ResponseBean com.youlishu.controller.AuthorityController.authorityUpdate(java.lang.String,java.lang.String,java.lang.String,java.lang.String,org.apache.catalina.servlet4preview.http.HttpServletRequest)
.2021-08-19 21:44:17.915 org.springframework.web.servlet.mvc.method.annotation.RequestMappingHandlerMapping INFO - Mapped "{[/binding/unbinding],methods=[GET]}" onto public java.lang.String com.youlishu.controller.BindingController.unBinding(java.lang.String,org.apache.catalina.servlet4preview.http.HttpServletRequest)
.2021-08-19 21:44:17.915 org.springframework.web.servlet.mvc.method.annotation.RequestMappingHandlerMapping INFO - Mapped "{[/binding/binding],methods=[GET]}" onto public java.lang.String com.youlishu.controller.BindingController.binding(java.lang.String,java.lang.String,java.lang.String,org.apache.catalina.servlet4preview.http.HttpServletRequest)
.2021-08-19 21:44:17.915 org.springframework.web.servlet.mvc.method.annotation.RequestMappingHandlerMapping INFO - Mapped "{[/binding/bindinglist],methods=[GET]}" onto public com.youlishu.bean.ResponseBean com.youlishu.controller.BindingController.bindingList(java.lang.String,java.lang.String,java.lang.String,java.lang.Integer,java.lang.Integer,org.apache.catalina.servlet4preview.http.HttpServletRequest)
.2021-08-19 21:44:17.916 org.springframework.web.servlet.mvc.method.annotation.RequestMappingHandlerMapping INFO - Mapped "{[/binding/bindingdata],methods=[GET]}" onto public com.youlishu.bean.ResponseBean com.youlishu.controller.BindingController.bindingListData(java.lang.String,java.lang.Integer,java.lang.Integer,org.apache.catalina.servlet4preview.http.HttpServletRequest)
.2021-08-19 21:44:17.916 org.springframework.web.servlet.mvc.method.annotation.RequestMappingHandlerMapping INFO - Mapped "{[/datadestruction/remove],methods=[GET]}" onto public com.youlishu.bean.ResponseBean com.youlishu.controller.DataDestructionController.remove(java.lang.String,java.lang.String,java.lang.String,java.lang.String)
.2021-08-19 21:44:17.916 org.springframework.web.servlet.mvc.method.annotation.RequestMappingHandlerMapping INFO - Mapped "{[/datadestruction/destruction],methods=[GET]}" onto public com.youlishu.bean.ResponseBean com.youlishu.controller.DataDestructionController.dataDestruction(java.lang.String,java.lang.String,java.lang.String,java.lang.Integer,java.lang.Integer,org.apache.catalina.servlet4preview.http.HttpServletRequest)
.2021-08-19 21:44:17.917 org.springframework.web.servlet.mvc.method.annotation.RequestMappingHandlerMapping INFO - Mapped "{[/datamonitoring/datamonitoring],methods=[GET]}" onto public com.youlishu.bean.ResponseBean com.youlishu.controller.DataMonitoringController.dataMonitoring(java.lang.String,java.lang.String,java.lang.String,java.lang.String,java.lang.Integer,java.lang.Integer,org.apache.catalina.servlet4preview.http.HttpServletRequest)
.2021-08-19 21:44:17.917 org.springframework.web.servlet.mvc.method.annotation.RequestMappingHandlerMapping INFO - Mapped "{[/datamonitoring/abnormaldatasetting],methods=[GET]}" onto public com.youlishu.bean.ResponseBean com.youlishu.controller.DataMonitoringController.abnormalDataSetting(java.lang.String,java.lang.String,java.lang.String,java.lang.Integer,java.lang.Integer,org.apache.catalina.servlet4preview.http.HttpServletRequest)
.2021-08-19 21:44:17.918 org.springframework.web.servlet.mvc.method.annotation.RequestMappingHandlerMapping INFO - Mapped "{[/dataSource/submit],methods=[GET]}" onto public java.lang.String com.youlishu.controller.DataSourceController.database(java.lang.String,java.lang.String,java.lang.String,java.lang.String,java.lang.String,java.lang.String,org.apache.catalina.servlet4preview.http.HttpServletRequest)
.2021-08-19 21:44:17.918 org.springframework.web.servlet.mvc.method.annotation.RequestMappingHandlerMapping INFO - Mapped "{[/dataSource/test],methods=[GET]}" onto public java.lang.String com.youlishu.controller.DataSourceController.dataDestruction(java.lang.String,java.lang.String,java.lang.String) throws java.lang.ClassNotFoundException,java.sql.SQLException
.2021-08-19 21:44:17.919 org.springframework.web.servlet.mvc.method.annotation.RequestMappingHandlerMapping INFO - Mapped "{[/equipmentinformationmanagement/equipmentgroup],methods=[GET]}" onto public com.youlishu.bean.ResponseBean com.youlishu.controller.EquipmentInformationManagementController.equipmentGroup(java.lang.String)
.2021-08-19 21:44:17.919 org.springframework.web.servlet.mvc.method.annotation.RequestMappingHandlerMapping INFO - Mapped "{[/equipmentinformationmanagement/deviceinformation],methods=[GET]}" onto public com.youlishu.bean.ResponseBean com.youlishu.controller.EquipmentInformationManagementController.deviceInformation(java.lang.String,java.lang.String,java.lang.String,java.lang.Integer,java.lang.Integer,org.apache.catalina.servlet4preview.http.HttpServletRequest)
.2021-08-19 21:44:17.919 org.springframework.web.servlet.mvc.method.annotation.RequestMappingHandlerMapping INFO - Mapped "{[/equipmentinformationmanagement/equipmentgrouping],methods=[GET]}" onto public com.youlishu.bean.ResponseBean com.youlishu.controller.EquipmentInformationManagementController.equipmentGrouping(java.lang.String,java.lang.String,java.lang.String,java.lang.Integer,java.lang.Integer,org.apache.catalina.servlet4preview.http.HttpServletRequest)
.2021-08-19 21:44:17.921 org.springframework.web.servlet.mvc.method.annotation.RequestMappingHandlerMapping INFO - Mapped "{[/equipmentmonitoring/linkmonitoring],methods=[GET]}" onto public com.youlishu.bean.ResponseBean com.youlishu.controller.EquipmentMonitoringController.linkMonitoring(java.lang.String,java.lang.String,java.lang.Integer,java.lang.Integer,org.apache.catalina.servlet4preview.http.HttpServletRequest)
.2021-08-19 21:44:17.922 org.springframework.web.servlet.mvc.method.annotation.RequestMappingHandlerMapping INFO - Mapped "{[/equipmentmonitoring/synchronousfrequency],methods=[GET]}" onto public com.youlishu.bean.ResponseBean com.youlishu.controller.EquipmentMonitoringController.synchronousFrequency(java.lang.String,java.lang.String,java.lang.Integer,java.lang.Integer,org.apache.catalina.servlet4preview.http.HttpServletRequest)
.2021-08-19 21:44:17.922 org.springframework.web.servlet.mvc.method.annotation.RequestMappingHandlerMapping INFO - Mapped "{[/equipmentmonitoring/abnormaldatasetting],methods=[GET]}" onto public com.youlishu.bean.ResponseBean com.youlishu.controller.EquipmentMonitoringController.abnormalDataSetting(java.lang.String,java.lang.String,java.lang.Integer,java.lang.Integer,org.apache.catalina.servlet4preview.http.HttpServletRequest)
.2021-08-19 21:44:17.923 org.springframework.web.servlet.mvc.method.annotation.RequestMappingHandlerMapping INFO - Mapped "{[/file/download]}" onto public void com.youlishu.controller.FileController.downloadExcel(javax.servlet.http.HttpServletResponse,java.lang.String,org.apache.catalina.servlet4preview.http.HttpServletRequest)
.2021-08-19 21:44:17.923 org.springframework.web.servlet.mvc.method.annotation.RequestMappingHandlerMapping INFO - Mapped "{[/file/submit],methods=[GET]}" onto public com.youlishu.bean.ResponseBean com.youlishu.controller.FileController.Submit(java.lang.String,java.lang.String,java.lang.String,java.lang.String,org.apache.catalina.servlet4preview.http.HttpServletRequest)
.2021-08-19 21:44:17.923 org.springframework.web.servlet.mvc.method.annotation.RequestMappingHandlerMapping INFO - Mapped "{[/file/filelist],methods=[GET]}" onto public com.youlishu.bean.ResponseBean com.youlishu.controller.FileController.fileList(java.lang.String,java.lang.String,java.lang.String,java.lang.Integer,java.lang.Integer,org.apache.catalina.servlet4preview.http.HttpServletRequest)
.2021-08-19 21:44:17.923 org.springframework.web.servlet.mvc.method.annotation.RequestMappingHandlerMapping INFO - Mapped "{[/file/upload],methods=[POST]}" onto public com.youlishu.bean.ResponseBean com.youlishu.controller.FileController.uploadFile(org.springframework.web.multipart.MultipartFile,java.lang.String,java.lang.String,java.lang.String,org.apache.catalina.servlet4preview.http.HttpServletRequest)
.2021-08-19 21:44:17.923 org.springframework.web.servlet.mvc.method.annotation.RequestMappingHandlerMapping INFO - Mapped "{[/log/log],methods=[GET]}" onto public com.youlishu.bean.ResponseBean com.youlishu.controller.LogController.logInfo(java.lang.String,java.lang.Integer,java.lang.Integer)
.2021-08-19 21:44:17.924 org.springframework.web.servlet.mvc.method.annotation.RequestMappingHandlerMapping INFO - Mapped "{[/login/getusercode],methods=[GET]}" onto private com.youlishu.bean.ResponseBean com.youlishu.controller.LoginController.getUserCode(java.lang.String)
.2021-08-19 21:44:17.924 org.springframework.web.servlet.mvc.method.annotation.RequestMappingHandlerMapping INFO - Mapped "{[/login/getToken],methods=[GET]}" onto private com.youlishu.bean.ResponseBean com.youlishu.controller.LoginController.login(java.lang.String)
.2021-08-19 21:44:17.925 org.springframework.web.servlet.mvc.method.annotation.RequestMappingHandlerMapping INFO - Mapped "{[/lotdataaccess/api],methods=[GET]}" onto public com.youlishu.bean.ResponseBean com.youlishu.controller.LotDataAccessController.api(java.lang.Integer,java.lang.Integer)
.2021-08-19 21:44:17.925 org.springframework.web.servlet.mvc.method.annotation.RequestMappingHandlerMapping INFO - Mapped "{[/lotdataaccess/database],methods=[GET]}" onto public com.youlishu.bean.ResponseBean com.youlishu.controller.LotDataAccessController.database(java.lang.Integer,java.lang.Integer)
.2021-08-19 21:44:17.926 org.springframework.web.servlet.mvc.method.annotation.RequestMappingHandlerMapping INFO - Mapped "{[/lotdatashare/add],methods=[POST]}" onto public com.youlishu.bean.ResponseBean com.youlishu.controller.LotDataShareController.add(com.youlishu.bean.LotDataShare)
.2021-08-19 21:44:17.926 org.springframework.web.servlet.mvc.method.annotation.RequestMappingHandlerMapping INFO - Mapped "{[/lotdatashare/remove],methods=[GET]}" onto public com.youlishu.bean.ResponseBean com.youlishu.controller.LotDataShareController.remove(java.lang.String)
.2021-08-19 21:44:17.927 org.springframework.web.servlet.mvc.method.annotation.RequestMappingHandlerMapping INFO - Mapped "{[/lotdatashare/update],methods=[POST]}" onto public com.youlishu.bean.ResponseBean com.youlishu.controller.LotDataShareController.update(com.youlishu.bean.LotDataShare)
.2021-08-19 21:44:17.927 org.springframework.web.servlet.mvc.method.annotation.RequestMappingHandlerMapping INFO - Mapped "{[/lotdatashare/list],methods=[GET]}" onto public com.youlishu.bean.ResponseBean com.youlishu.controller.LotDataShareController.list(com.youlishu.bean.LotDataShare)
.2021-08-19 21:44:17.927 org.springframework.web.servlet.mvc.method.annotation.RequestMappingHandlerMapping INFO - Mapped "{[/lotdatashare/approve],methods=[POST]}" onto public com.youlishu.bean.ResponseBean com.youlishu.controller.LotDataShareController.approve(com.youlishu.bean.LotDataShare)
.2021-08-19 21:44:17.928 org.springframework.web.servlet.mvc.method.annotation.RequestMappingHandlerMapping INFO - Mapped "{[/query/type],methods=[GET]}" onto public java.util.List com.youlishu.controller.QueryController.type()
.2021-08-19 21:44:17.928 org.springframework.web.servlet.mvc.method.annotation.RequestMappingHandlerMapping INFO - Mapped "{[/query/state],methods=[GET]}" onto public java.util.List com.youlishu.controller.QueryController.state()
.2021-08-19 21:44:17.928 org.springframework.web.servlet.mvc.method.annotation.RequestMappingHandlerMapping INFO - Mapped "{[/query/label],methods=[GET]}" onto public java.util.List com.youlishu.controller.QueryController.label()
.2021-08-19 21:44:17.928 org.springframework.web.servlet.mvc.method.annotation.RequestMappingHandlerMapping INFO - Mapped "{[/query/onlinestatus],methods=[GET]}" onto public java.util.List com.youlishu.controller.QueryController.onlinestatus()
.2021-08-19 21:44:17.928 org.springframework.web.servlet.mvc.method.annotation.RequestMappingHandlerMapping INFO - Mapped "{[/query/committeeoffice],methods=[GET]}" onto public java.util.List com.youlishu.controller.QueryController.QueryCommitteeOffice()
.2021-08-19 21:44:17.928 org.springframework.web.servlet.mvc.method.annotation.RequestMappingHandlerMapping INFO - Mapped "{[/resourcedirectory/devicedata],methods=[GET]}" onto public com.youlishu.bean.ResponseBean com.youlishu.controller.ResourceDirectoryController.deviceData(java.lang.String,java.lang.String,java.lang.String,java.lang.String,java.lang.Integer,java.lang.Integer,org.apache.catalina.servlet4preview.http.HttpServletRequest)
.2021-08-19 21:44:17.929 org.springframework.web.servlet.mvc.method.annotation.RequestMappingHandlerMapping INFO - Mapped "{[/resourcedirectory/deviceinformation],methods=[GET]}" onto public com.youlishu.bean.ResponseBean com.youlishu.controller.ResourceDirectoryController.deviceInformation(java.lang.String,java.lang.String,java.lang.String,java.lang.String,java.lang.String,java.lang.Integer,java.lang.Integer,org.apache.catalina.servlet4preview.http.HttpServletRequest)
.2021-08-19 21:44:17.929 org.springframework.web.servlet.mvc.method.annotation.RequestMappingHandlerMapping INFO - Mapped "{[/system/getLog]}" onto public com.youlishu.bean.ResponseBean com.youlishu.controller.SystemController.getLog() throws java.io.IOException
.2021-08-19 21:44:17.929 org.springframework.web.servlet.mvc.method.annotation.RequestMappingHandlerMapping INFO - Mapped "{[/system/resource],methods=[GET]}" onto public com.youlishu.bean.ResponseBean com.youlishu.controller.SystemController.deviceData()
.2021-08-19 21:44:17.929 org.springframework.web.servlet.mvc.method.annotation.RequestMappingHandlerMapping INFO - Mapped "{[/szcg/dust],methods=[GET]}" onto public java.util.List<com.youlishu.bean.szcg.DustData> com.youlishu.controller.SzcgController.dustData()
.2021-08-19 21:44:17.930 org.springframework.web.servlet.mvc.method.annotation.RequestMappingHandlerMapping INFO - Mapped "{[/video/find],methods=[GET]}" onto public com.alibaba.fastjson.JSONObject com.youlishu.controller.testcontrlller.find()
.2021-08-19 21:44:17.931 org.springframework.web.servlet.mvc.method.annotation.RequestMappingHandlerMapping INFO - Mapped "{[/error]}" onto public org.springframework.http.ResponseEntity<java.util.Map<java.lang.String, java.lang.Object>> org.springframework.boot.autoconfigure.web.BasicErrorController.error(javax.servlet.http.HttpServletRequest)
.2021-08-19 21:44:17.932 org.springframework.web.servlet.mvc.method.annotation.RequestMappingHandlerMapping INFO - Mapped "{[/error],produces=[text/html]}" onto public org.springframework.web.servlet.ModelAndView org.springframework.boot.autoconfigure.web.BasicErrorController.errorHtml(javax.servlet.http.HttpServletRequest,javax.servlet.http.HttpServletResponse)
.2021-08-19 21:44:17.955 org.springframework.web.servlet.handler.SimpleUrlHandlerMapping INFO - Mapped URL path [/webjars/**] onto handler of type [class org.springframework.web.servlet.resource.ResourceHttpRequestHandler]
.2021-08-19 21:44:17.955 org.springframework.web.servlet.handler.SimpleUrlHandlerMapping INFO - Mapped URL path [/**] onto handler of type [class org.springframework.web.servlet.resource.ResourceHttpRequestHandler]
.2021-08-19 21:44:17.981 org.springframework.web.servlet.handler.SimpleUrlHandlerMapping INFO - Mapped URL path [/**/favicon.ico] onto handler of type [class org.springframework.web.servlet.resource.ResourceHttpRequestHandler]
.2021-08-19 21:44:18.382 org.springframework.jmx.export.annotation.AnnotationMBeanExporter INFO - Registering beans for JMX exposure on startup
.2021-08-19 21:44:18.383 org.springframework.jmx.export.annotation.AnnotationMBeanExporter INFO - Bean with name 'primaryDataSource' has been autodetected for JMX exposure
.2021-08-19 21:44:18.383 org.springframework.jmx.export.annotation.AnnotationMBeanExporter INFO - Bean with name 'statFilter' has been autodetected for JMX exposure
.2021-08-19 21:44:18.386 org.springframework.jmx.export.annotation.AnnotationMBeanExporter INFO - Located MBean 'primaryDataSource': registering with JMX server as MBean [com.alibaba.druid.pool:name=primaryDataSource,type=DruidDataSource]
.2021-08-19 21:44:18.387 org.springframework.jmx.export.annotation.AnnotationMBeanExporter INFO - Located MBean 'statFilter': registering with JMX server as MBean [com.alibaba.druid.filter.stat:name=statFilter,type=StatFilter]
.2021-08-19 21:44:18.401 org.apache.coyote.http11.Http11NioProtocol INFO - Initializing ProtocolHandler ["http-nio-8088"]
.2021-08-19 21:44:18.407 org.apache.coyote.http11.Http11NioProtocol INFO - Starting ProtocolHandler ["http-nio-8088"]
.2021-08-19 21:44:18.417 org.apache.tomcat.util.net.NioSelectorPool INFO - Using a shared selector for servlet write/read
.2021-08-19 21:44:18.428 org.springframework.boot.context.embedded.tomcat.TomcatEmbeddedServletContainer INFO - Tomcat started on port(s): 8088 (http)
.2021-08-19 21:44:18.432 com.youlishu.AppApplication INFO - Started AppApplication in 5.269 seconds (JVM running for 6.468)
